{"/Users/justin/Desktop/cal_poly/CSC_308/GainChanger/actions/cycleActions.js": {"path":"/Users/justin/Desktop/cal_poly/CSC_308/GainChanger/actions/cycleActions.js","statementMap":{"0":{"start":{"line":4,"column":25},"end":{"line":19,"column":1}},"1":{"start":{"line":5,"column":3},"end":{"line":18,"column":4}},"2":{"start":{"line":6,"column":21},"end":{"line":6,"column":44}},"3":{"start":{"line":8,"column":6},"end":{"line":13,"column":9}},"4":{"start":{"line":15,"column":6},"end":{"line":17,"column":8}},"5":{"start":{"line":21,"column":36},"end":{"line":32,"column":1}},"6":{"start":{"line":22,"column":3},"end":{"line":31,"column":4}},"7":{"start":{"line":23,"column":36},"end":{"line":23,"column":76}},"8":{"start":{"line":25,"column":6},"end":{"line":25,"column":58}},"9":{"start":{"line":27,"column":6},"end":{"line":30,"column":9}},"10":{"start":{"line":34,"column":36},"end":{"line":46,"column":1}},"11":{"start":{"line":35,"column":3},"end":{"line":44,"column":4}},"12":{"start":{"line":36,"column":36},"end":{"line":36,"column":99}},"13":{"start":{"line":38,"column":6},"end":{"line":38,"column":58}},"14":{"start":{"line":40,"column":6},"end":{"line":43,"column":9}},"15":{"start":{"line":48,"column":17},"end":{"line":53,"column":1}},"16":{"start":{"line":49,"column":3},"end":{"line":52,"column":4}},"17":{"start":{"line":55,"column":20},"end":{"line":61,"column":1}},"18":{"start":{"line":56,"column":2},"end":{"line":60,"column":3}},"19":{"start":{"line":63,"column":20},"end":{"line":68,"column":1}},"20":{"start":{"line":64,"column":3},"end":{"line":67,"column":4}},"21":{"start":{"line":70,"column":20},"end":{"line":75,"column":1}},"22":{"start":{"line":71,"column":3},"end":{"line":74,"column":4}}},"fnMap":{"0":{"name":"(anonymous_0)","decl":{"start":{"line":4,"column":25},"end":{"line":4,"column":26}},"loc":{"start":{"line":4,"column":66},"end":{"line":19,"column":1}},"line":4},"1":{"name":"(anonymous_1)","decl":{"start":{"line":5,"column":10},"end":{"line":5,"column":11}},"loc":{"start":{"line":5,"column":30},"end":{"line":18,"column":4}},"line":5},"2":{"name":"(anonymous_2)","decl":{"start":{"line":21,"column":36},"end":{"line":21,"column":37}},"loc":{"start":{"line":21,"column":75},"end":{"line":32,"column":1}},"line":21},"3":{"name":"(anonymous_3)","decl":{"start":{"line":22,"column":10},"end":{"line":22,"column":11}},"loc":{"start":{"line":22,"column":24},"end":{"line":31,"column":4}},"line":22},"4":{"name":"(anonymous_4)","decl":{"start":{"line":34,"column":36},"end":{"line":34,"column":37}},"loc":{"start":{"line":34,"column":75},"end":{"line":46,"column":1}},"line":34},"5":{"name":"(anonymous_5)","decl":{"start":{"line":35,"column":10},"end":{"line":35,"column":11}},"loc":{"start":{"line":35,"column":24},"end":{"line":44,"column":4}},"line":35},"6":{"name":"(anonymous_6)","decl":{"start":{"line":48,"column":17},"end":{"line":48,"column":18}},"loc":{"start":{"line":48,"column":28},"end":{"line":53,"column":1}},"line":48},"7":{"name":"(anonymous_7)","decl":{"start":{"line":55,"column":20},"end":{"line":55,"column":21}},"loc":{"start":{"line":55,"column":50},"end":{"line":61,"column":1}},"line":55},"8":{"name":"(anonymous_8)","decl":{"start":{"line":63,"column":20},"end":{"line":63,"column":21}},"loc":{"start":{"line":63,"column":33},"end":{"line":68,"column":1}},"line":63},"9":{"name":"(anonymous_9)","decl":{"start":{"line":70,"column":20},"end":{"line":70,"column":21}},"loc":{"start":{"line":70,"column":33},"end":{"line":75,"column":1}},"line":70}},"branchMap":{"0":{"loc":{"start":{"line":36,"column":36},"end":{"line":36,"column":99}},"type":"cond-expr","locations":[{"start":{"line":36,"column":57},"end":{"line":36,"column":80}},{"start":{"line":36,"column":83},"end":{"line":36,"column":99}}],"line":36}},"s":{"0":1,"1":2,"2":2,"3":2,"4":2,"5":1,"6":3,"7":3,"8":3,"9":3,"10":1,"11":3,"12":3,"13":3,"14":3,"15":1,"16":1,"17":1,"18":1,"19":1,"20":1,"21":1,"22":1},"f":{"0":2,"1":2,"2":3,"3":3,"4":3,"5":3,"6":1,"7":1,"8":1,"9":1},"b":{"0":[1,2]},"_coverageSchema":"1a1c01bbd47fc00a2c39e90264f33305004495a9","hash":"56048354b9c420c4947c03d6edcd1a3efdbacdab"}
,"/Users/justin/Desktop/cal_poly/CSC_308/GainChanger/constants/index.js": {"path":"/Users/justin/Desktop/cal_poly/CSC_308/GainChanger/constants/index.js","statementMap":{"0":{"start":{"line":2,"column":27},"end":{"line":2,"column":40}},"1":{"start":{"line":3,"column":30},"end":{"line":3,"column":46}},"2":{"start":{"line":4,"column":35},"end":{"line":4,"column":56}},"3":{"start":{"line":5,"column":30},"end":{"line":5,"column":46}},"4":{"start":{"line":6,"column":40},"end":{"line":6,"column":66}},"5":{"start":{"line":9,"column":33},"end":{"line":9,"column":52}},"6":{"start":{"line":10,"column":40},"end":{"line":10,"column":66}},"7":{"start":{"line":11,"column":25},"end":{"line":11,"column":36}},"8":{"start":{"line":12,"column":28},"end":{"line":12,"column":42}},"9":{"start":{"line":13,"column":28},"end":{"line":13,"column":42}},"10":{"start":{"line":14,"column":32},"end":{"line":14,"column":50}},"11":{"start":{"line":15,"column":29},"end":{"line":15,"column":44}},"12":{"start":{"line":18,"column":36},"end":{"line":18,"column":58}},"13":{"start":{"line":19,"column":35},"end":{"line":19,"column":56}},"14":{"start":{"line":22,"column":32},"end":{"line":22,"column":50}},"15":{"start":{"line":23,"column":39},"end":{"line":23,"column":64}},"16":{"start":{"line":26,"column":34},"end":{"line":26,"column":54}},"17":{"start":{"line":29,"column":36},"end":{"line":29,"column":58}},"18":{"start":{"line":30,"column":46},"end":{"line":30,"column":78}},"19":{"start":{"line":31,"column":36},"end":{"line":31,"column":58}},"20":{"start":{"line":32,"column":40},"end":{"line":32,"column":66}},"21":{"start":{"line":35,"column":36},"end":{"line":35,"column":58}},"22":{"start":{"line":38,"column":37},"end":{"line":38,"column":60}},"23":{"start":{"line":39,"column":35},"end":{"line":39,"column":56}},"24":{"start":{"line":40,"column":38},"end":{"line":40,"column":62}},"25":{"start":{"line":41,"column":32},"end":{"line":41,"column":50}},"26":{"start":{"line":44,"column":22},"end":{"line":47,"column":1}},"27":{"start":{"line":49,"column":20},"end":{"line":49,"column":98}},"28":{"start":{"line":50,"column":22},"end":{"line":51,"column":59}}},"fnMap":{},"branchMap":{},"s":{"0":1,"1":1,"2":1,"3":1,"4":1,"5":1,"6":1,"7":1,"8":1,"9":1,"10":1,"11":1,"12":1,"13":1,"14":1,"15":1,"16":1,"17":1,"18":1,"19":1,"20":1,"21":1,"22":1,"23":1,"24":1,"25":1,"26":1,"27":1,"28":1},"f":{},"b":{},"_coverageSchema":"1a1c01bbd47fc00a2c39e90264f33305004495a9","hash":"c22269048a359c1a2d3c70979f748a398d462f06"}
}
