TN:
SF:actions/cycleActions.js
FN:4,(anonymous_0)
FN:5,(anonymous_1)
FN:21,(anonymous_2)
FN:22,(anonymous_3)
FN:34,(anonymous_4)
FN:35,(anonymous_5)
FN:48,(anonymous_6)
FN:55,(anonymous_7)
FN:63,(anonymous_8)
FN:70,(anonymous_9)
FNF:10
FNH:10
FNDA:2,(anonymous_0)
FNDA:2,(anonymous_1)
FNDA:3,(anonymous_2)
FNDA:3,(anonymous_3)
FNDA:3,(anonymous_4)
FNDA:3,(anonymous_5)
FNDA:1,(anonymous_6)
FNDA:1,(anonymous_7)
FNDA:1,(anonymous_8)
FNDA:1,(anonymous_9)
DA:4,1
DA:5,2
DA:6,2
DA:8,2
DA:15,2
DA:21,1
DA:22,3
DA:23,3
DA:25,3
DA:27,3
DA:34,1
DA:35,3
DA:36,3
DA:38,3
DA:40,3
DA:48,1
DA:49,1
DA:55,1
DA:56,1
DA:63,1
DA:64,1
DA:70,1
DA:71,1
LF:23
LH:23
BRDA:36,0,0,1
BRDA:36,0,1,2
BRF:2
BRH:2
end_of_record
TN:
SF:constants/index.js
FNF:0
FNH:0
DA:2,1
DA:3,1
DA:4,1
DA:5,1
DA:6,1
DA:9,1
DA:10,1
DA:11,1
DA:12,1
DA:13,1
DA:14,1
DA:15,1
DA:18,1
DA:19,1
DA:22,1
DA:23,1
DA:26,1
DA:29,1
DA:30,1
DA:31,1
DA:32,1
DA:35,1
DA:38,1
DA:39,1
DA:40,1
DA:41,1
DA:44,1
DA:49,1
DA:50,1
LF:29
LH:29
BRF:0
BRH:0
end_of_record
